[Thu Jan 19 22:19:53.897925 2023] [ssl:warn] [pid 63940:tid 384] AH01909: www.example.com:443:0 server certificate does NOT include an ID which matches the server name
[Thu Jan 19 22:19:53.979405 2023] [ssl:warn] [pid 63940:tid 384] AH01909: www.example.com:443:0 server certificate does NOT include an ID which matches the server name
[Thu Jan 19 22:19:54.045333 2023] [mpm_winnt:notice] [pid 63940:tid 384] AH00455: Apache/2.4.54 (Win64) OpenSSL/1.1.1p PHP/8.2.0 configured -- resuming normal operations
[Thu Jan 19 22:19:54.045333 2023] [mpm_winnt:notice] [pid 63940:tid 384] AH00456: Apache Lounge VS16 Server built: Jun 22 2022 09:58:15
[Thu Jan 19 22:19:54.045333 2023] [core:notice] [pid 63940:tid 384] AH00094: Command line: 'C:\\xampp\\apache\\bin\\httpd.exe -d C:/xampp/apache'
[Thu Jan 19 22:19:54.050903 2023] [mpm_winnt:notice] [pid 63940:tid 384] AH00418: Parent: Created child process 61772
[Thu Jan 19 22:19:54.454130 2023] [ssl:warn] [pid 61772:tid 384] AH01909: www.example.com:443:0 server certificate does NOT include an ID which matches the server name
[Thu Jan 19 22:19:54.546132 2023] [ssl:warn] [pid 61772:tid 384] AH01909: www.example.com:443:0 server certificate does NOT include an ID which matches the server name
[Thu Jan 19 22:19:54.600353 2023] [mpm_winnt:notice] [pid 61772:tid 384] AH00354: Child: Starting 150 worker threads.
[Thu Jan 19 22:30:14.265461 2023] [ssl:warn] [pid 12812:tid 356] AH01909: www.example.com:443:0 server certificate does NOT include an ID which matches the server name
[Thu Jan 19 22:30:14.348023 2023] [ssl:warn] [pid 12812:tid 356] AH01909: www.example.com:443:0 server certificate does NOT include an ID which matches the server name
[Thu Jan 19 22:30:14.388905 2023] [mpm_winnt:notice] [pid 12812:tid 356] AH00455: Apache/2.4.54 (Win64) OpenSSL/1.1.1p PHP/8.2.0 configured -- resuming normal operations
[Thu Jan 19 22:30:14.388905 2023] [mpm_winnt:notice] [pid 12812:tid 356] AH00456: Apache Lounge VS16 Server built: Jun 22 2022 09:58:15
[Thu Jan 19 22:30:14.388905 2023] [core:notice] [pid 12812:tid 356] AH00094: Command line: 'c:\\xampp\\apache\\bin\\httpd.exe -d C:/xampp/apache'
[Thu Jan 19 22:30:14.392517 2023] [mpm_winnt:notice] [pid 12812:tid 356] AH00418: Parent: Created child process 63704
[Thu Jan 19 22:30:14.690615 2023] [ssl:warn] [pid 63704:tid 356] AH01909: www.example.com:443:0 server certificate does NOT include an ID which matches the server name
[Thu Jan 19 22:30:14.770189 2023] [ssl:warn] [pid 63704:tid 356] AH01909: www.example.com:443:0 server certificate does NOT include an ID which matches the server name
[Thu Jan 19 22:30:14.813993 2023] [mpm_winnt:notice] [pid 63704:tid 356] AH00354: Child: Starting 150 worker threads.
[Fri Jan 20 10:51:29.150822 2023] [mpm_winnt:crit] [pid 63704:tid 356] AH02538: Child: Parent process exited abruptly. Child process is ending
[Fri Jan 20 10:55:07.242166 2023] [ssl:warn] [pid 65612:tid 344] AH01909: www.example.com:443:0 server certificate does NOT include an ID which matches the server name
[Fri Jan 20 10:55:07.388140 2023] [core:warn] [pid 65612:tid 344] AH00098: pid file C:/xampp/apache/logs/httpd.pid overwritten -- Unclean shutdown of previous Apache run?
[Fri Jan 20 10:55:07.390188 2023] [ssl:warn] [pid 65612:tid 344] AH01909: www.example.com:443:0 server certificate does NOT include an ID which matches the server name
[Fri Jan 20 10:55:07.465921 2023] [mpm_winnt:notice] [pid 65612:tid 344] AH00455: Apache/2.4.54 (Win64) OpenSSL/1.1.1p PHP/8.2.0 configured -- resuming normal operations
[Fri Jan 20 10:55:07.465921 2023] [mpm_winnt:notice] [pid 65612:tid 344] AH00456: Apache Lounge VS16 Server built: Jun 22 2022 09:58:15
[Fri Jan 20 10:55:07.465921 2023] [core:notice] [pid 65612:tid 344] AH00094: Command line: 'c:\\xampp\\apache\\bin\\httpd.exe -d C:/xampp/apache'
[Fri Jan 20 10:55:07.471003 2023] [mpm_winnt:notice] [pid 65612:tid 344] AH00418: Parent: Created child process 61836
[Fri Jan 20 10:55:07.856742 2023] [ssl:warn] [pid 61836:tid 352] AH01909: www.example.com:443:0 server certificate does NOT include an ID which matches the server name
[Fri Jan 20 10:55:07.992545 2023] [ssl:warn] [pid 61836:tid 352] AH01909: www.example.com:443:0 server certificate does NOT include an ID which matches the server name
[Fri Jan 20 10:55:08.067246 2023] [mpm_winnt:notice] [pid 61836:tid 352] AH00354: Child: Starting 150 worker threads.
[Fri Jan 20 10:59:42.873730 2023] [ssl:warn] [pid 71112:tid 388] AH01909: www.example.com:443:0 server certificate does NOT include an ID which matches the server name
[Fri Jan 20 10:59:43.006698 2023] [core:warn] [pid 71112:tid 388] AH00098: pid file C:/xampp/apache/logs/httpd.pid overwritten -- Unclean shutdown of previous Apache run?
[Fri Jan 20 10:59:43.008786 2023] [ssl:warn] [pid 71112:tid 388] AH01909: www.example.com:443:0 server certificate does NOT include an ID which matches the server name
[Fri Jan 20 10:59:43.070713 2023] [mpm_winnt:notice] [pid 71112:tid 388] AH00455: Apache/2.4.54 (Win64) OpenSSL/1.1.1p PHP/8.2.0 configured -- resuming normal operations
[Fri Jan 20 10:59:43.070713 2023] [mpm_winnt:notice] [pid 71112:tid 388] AH00456: Apache Lounge VS16 Server built: Jun 22 2022 09:58:15
[Fri Jan 20 10:59:43.070713 2023] [core:notice] [pid 71112:tid 388] AH00094: Command line: 'c:\\xampp\\apache\\bin\\httpd.exe -d C:/xampp/apache'
[Fri Jan 20 10:59:43.075370 2023] [mpm_winnt:notice] [pid 71112:tid 388] AH00418: Parent: Created child process 70960
[Fri Jan 20 10:59:43.480181 2023] [ssl:warn] [pid 70960:tid 392] AH01909: www.example.com:443:0 server certificate does NOT include an ID which matches the server name
[Fri Jan 20 10:59:43.620163 2023] [ssl:warn] [pid 70960:tid 392] AH01909: www.example.com:443:0 server certificate does NOT include an ID which matches the server name
[Fri Jan 20 10:59:43.711202 2023] [mpm_winnt:notice] [pid 70960:tid 392] AH00354: Child: Starting 150 worker threads.
[Fri Jan 20 20:20:18.595891 2023] [ssl:warn] [pid 74364:tid 392] AH01909: www.example.com:443:0 server certificate does NOT include an ID which matches the server name
[Fri Jan 20 20:20:18.705566 2023] [core:warn] [pid 74364:tid 392] AH00098: pid file C:/xampp/apache/logs/httpd.pid overwritten -- Unclean shutdown of previous Apache run?
[Fri Jan 20 20:20:18.705566 2023] [ssl:warn] [pid 74364:tid 392] AH01909: www.example.com:443:0 server certificate does NOT include an ID which matches the server name
[Fri Jan 20 20:20:18.761834 2023] [mpm_winnt:notice] [pid 74364:tid 392] AH00455: Apache/2.4.54 (Win64) OpenSSL/1.1.1p PHP/8.2.0 configured -- resuming normal operations
[Fri Jan 20 20:20:18.761834 2023] [mpm_winnt:notice] [pid 74364:tid 392] AH00456: Apache Lounge VS16 Server built: Jun 22 2022 09:58:15
[Fri Jan 20 20:20:18.761834 2023] [core:notice] [pid 74364:tid 392] AH00094: Command line: 'c:\\xampp\\apache\\bin\\httpd.exe -d C:/xampp/apache'
[Fri Jan 20 20:20:18.761834 2023] [mpm_winnt:notice] [pid 74364:tid 392] AH00418: Parent: Created child process 65300
[Fri Jan 20 20:20:19.191350 2023] [ssl:warn] [pid 65300:tid 360] AH01909: www.example.com:443:0 server certificate does NOT include an ID which matches the server name
[Fri Jan 20 20:20:19.325272 2023] [ssl:warn] [pid 65300:tid 360] AH01909: www.example.com:443:0 server certificate does NOT include an ID which matches the server name
[Fri Jan 20 20:20:19.377911 2023] [mpm_winnt:notice] [pid 65300:tid 360] AH00354: Child: Starting 150 worker threads.
[Sat Jan 21 23:04:45.195258 2023] [ssl:warn] [pid 15756:tid 332] AH01909: www.example.com:443:0 server certificate does NOT include an ID which matches the server name
[Sat Jan 21 23:04:45.350580 2023] [core:warn] [pid 15756:tid 332] AH00098: pid file C:/xampp/apache/logs/httpd.pid overwritten -- Unclean shutdown of previous Apache run?
[Sat Jan 21 23:04:45.358326 2023] [ssl:warn] [pid 15756:tid 332] AH01909: www.example.com:443:0 server certificate does NOT include an ID which matches the server name
[Sat Jan 21 23:04:45.510693 2023] [mpm_winnt:notice] [pid 15756:tid 332] AH00455: Apache/2.4.54 (Win64) OpenSSL/1.1.1p PHP/8.2.0 configured -- resuming normal operations
[Sat Jan 21 23:04:45.510693 2023] [mpm_winnt:notice] [pid 15756:tid 332] AH00456: Apache Lounge VS16 Server built: Jun 22 2022 09:58:15
[Sat Jan 21 23:04:45.510693 2023] [core:notice] [pid 15756:tid 332] AH00094: Command line: 'c:\\xampp\\apache\\bin\\httpd.exe -d C:/xampp/apache'
[Sat Jan 21 23:04:45.514978 2023] [mpm_winnt:notice] [pid 15756:tid 332] AH00418: Parent: Created child process 27332
[Sat Jan 21 23:04:45.907246 2023] [ssl:warn] [pid 27332:tid 356] AH01909: www.example.com:443:0 server certificate does NOT include an ID which matches the server name
[Sat Jan 21 23:04:46.050652 2023] [ssl:warn] [pid 27332:tid 356] AH01909: www.example.com:443:0 server certificate does NOT include an ID which matches the server name
[Sat Jan 21 23:04:46.112034 2023] [mpm_winnt:notice] [pid 27332:tid 356] AH00354: Child: Starting 150 worker threads.
[Mon Jan 23 09:08:05.281528 2023] [ssl:warn] [pid 10532:tid 188] AH01909: www.example.com:443:0 server certificate does NOT include an ID which matches the server name
[Mon Jan 23 09:08:05.423851 2023] [core:warn] [pid 10532:tid 188] AH00098: pid file C:/xampp/apache/logs/httpd.pid overwritten -- Unclean shutdown of previous Apache run?
[Mon Jan 23 09:08:05.423851 2023] [ssl:warn] [pid 10532:tid 188] AH01909: www.example.com:443:0 server certificate does NOT include an ID which matches the server name
[Mon Jan 23 09:08:05.498733 2023] [mpm_winnt:notice] [pid 10532:tid 188] AH00455: Apache/2.4.54 (Win64) OpenSSL/1.1.1p PHP/8.2.0 configured -- resuming normal operations
[Mon Jan 23 09:08:05.498733 2023] [mpm_winnt:notice] [pid 10532:tid 188] AH00456: Apache Lounge VS16 Server built: Jun 22 2022 09:58:15
[Mon Jan 23 09:08:05.498733 2023] [core:notice] [pid 10532:tid 188] AH00094: Command line: 'c:\\xampp\\apache\\bin\\httpd.exe -d C:/xampp/apache'
[Mon Jan 23 09:08:05.498733 2023] [mpm_winnt:notice] [pid 10532:tid 188] AH00418: Parent: Created child process 29660
[Mon Jan 23 09:08:05.844739 2023] [ssl:warn] [pid 29660:tid 376] AH01909: www.example.com:443:0 server certificate does NOT include an ID which matches the server name
[Mon Jan 23 09:08:05.982890 2023] [ssl:warn] [pid 29660:tid 376] AH01909: www.example.com:443:0 server certificate does NOT include an ID which matches the server name
[Mon Jan 23 09:08:06.041403 2023] [mpm_winnt:notice] [pid 29660:tid 376] AH00354: Child: Starting 150 worker threads.
[Mon Jan 23 11:05:20.835811 2023] [ssl:warn] [pid 12092:tid 364] AH01909: www.example.com:443:0 server certificate does NOT include an ID which matches the server name
[Mon Jan 23 11:05:20.946684 2023] [core:warn] [pid 12092:tid 364] AH00098: pid file C:/xampp/apache/logs/httpd.pid overwritten -- Unclean shutdown of previous Apache run?
[Mon Jan 23 11:05:20.946684 2023] [ssl:warn] [pid 12092:tid 364] AH01909: www.example.com:443:0 server certificate does NOT include an ID which matches the server name
[Mon Jan 23 11:05:21.013510 2023] [mpm_winnt:notice] [pid 12092:tid 364] AH00455: Apache/2.4.54 (Win64) OpenSSL/1.1.1p PHP/8.2.0 configured -- resuming normal operations
[Mon Jan 23 11:05:21.013510 2023] [mpm_winnt:notice] [pid 12092:tid 364] AH00456: Apache Lounge VS16 Server built: Jun 22 2022 09:58:15
[Mon Jan 23 11:05:21.013510 2023] [core:notice] [pid 12092:tid 364] AH00094: Command line: 'c:\\xampp\\apache\\bin\\httpd.exe -d C:/xampp/apache'
[Mon Jan 23 11:05:21.016678 2023] [mpm_winnt:notice] [pid 12092:tid 364] AH00418: Parent: Created child process 25984
[Mon Jan 23 11:05:21.371894 2023] [ssl:warn] [pid 25984:tid 356] AH01909: www.example.com:443:0 server certificate does NOT include an ID which matches the server name
[Mon Jan 23 11:05:21.508929 2023] [ssl:warn] [pid 25984:tid 356] AH01909: www.example.com:443:0 server certificate does NOT include an ID which matches the server name
[Mon Jan 23 11:05:21.572946 2023] [mpm_winnt:notice] [pid 25984:tid 356] AH00354: Child: Starting 150 worker threads.
[Mon Jan 23 12:51:03.034415 2023] [ssl:warn] [pid 20156:tid 196] AH01909: www.example.com:443:0 server certificate does NOT include an ID which matches the server name
[Mon Jan 23 12:51:03.138504 2023] [core:warn] [pid 20156:tid 196] AH00098: pid file C:/xampp/apache/logs/httpd.pid overwritten -- Unclean shutdown of previous Apache run?
[Mon Jan 23 12:51:03.146524 2023] [ssl:warn] [pid 20156:tid 196] AH01909: www.example.com:443:0 server certificate does NOT include an ID which matches the server name
[Mon Jan 23 12:51:03.258543 2023] [mpm_winnt:notice] [pid 20156:tid 196] AH00455: Apache/2.4.54 (Win64) OpenSSL/1.1.1p PHP/8.2.0 configured -- resuming normal operations
[Mon Jan 23 12:51:03.258543 2023] [mpm_winnt:notice] [pid 20156:tid 196] AH00456: Apache Lounge VS16 Server built: Jun 22 2022 09:58:15
[Mon Jan 23 12:51:03.258543 2023] [core:notice] [pid 20156:tid 196] AH00094: Command line: 'c:\\xampp\\apache\\bin\\httpd.exe -d C:/xampp/apache'
[Mon Jan 23 12:51:03.266541 2023] [mpm_winnt:notice] [pid 20156:tid 196] AH00418: Parent: Created child process 18852
[Mon Jan 23 12:51:03.850789 2023] [ssl:warn] [pid 18852:tid 368] AH01909: www.example.com:443:0 server certificate does NOT include an ID which matches the server name
[Mon Jan 23 12:51:04.010845 2023] [ssl:warn] [pid 18852:tid 368] AH01909: www.example.com:443:0 server certificate does NOT include an ID which matches the server name
[Mon Jan 23 12:51:04.090866 2023] [mpm_winnt:notice] [pid 18852:tid 368] AH00354: Child: Starting 150 worker threads.
[Wed Jan 25 10:06:08.227250 2023] [ssl:warn] [pid 36276:tid 364] AH01909: www.example.com:443:0 server certificate does NOT include an ID which matches the server name
[Wed Jan 25 10:06:08.326929 2023] [core:warn] [pid 36276:tid 364] AH00098: pid file C:/xampp/apache/logs/httpd.pid overwritten -- Unclean shutdown of previous Apache run?
[Wed Jan 25 10:06:08.329168 2023] [ssl:warn] [pid 36276:tid 364] AH01909: www.example.com:443:0 server certificate does NOT include an ID which matches the server name
[Wed Jan 25 10:06:08.436442 2023] [mpm_winnt:notice] [pid 36276:tid 364] AH00455: Apache/2.4.54 (Win64) OpenSSL/1.1.1p PHP/8.2.0 configured -- resuming normal operations
[Wed Jan 25 10:06:08.436442 2023] [mpm_winnt:notice] [pid 36276:tid 364] AH00456: Apache Lounge VS16 Server built: Jun 22 2022 09:58:15
[Wed Jan 25 10:06:08.436442 2023] [core:notice] [pid 36276:tid 364] AH00094: Command line: 'c:\\xampp\\apache\\bin\\httpd.exe -d C:/xampp/apache'
[Wed Jan 25 10:06:08.439244 2023] [mpm_winnt:notice] [pid 36276:tid 364] AH00418: Parent: Created child process 39408
[Wed Jan 25 10:06:08.845407 2023] [ssl:warn] [pid 39408:tid 356] AH01909: www.example.com:443:0 server certificate does NOT include an ID which matches the server name
[Wed Jan 25 10:06:08.955315 2023] [ssl:warn] [pid 39408:tid 356] AH01909: www.example.com:443:0 server certificate does NOT include an ID which matches the server name
[Wed Jan 25 10:06:09.009524 2023] [mpm_winnt:notice] [pid 39408:tid 356] AH00354: Child: Starting 150 worker threads.
[Thu Jan 26 12:53:27.794550 2023] [ssl:warn] [pid 27404:tid 360] AH01909: www.example.com:443:0 server certificate does NOT include an ID which matches the server name
[Thu Jan 26 12:53:27.876742 2023] [core:warn] [pid 27404:tid 360] AH00098: pid file C:/xampp/apache/logs/httpd.pid overwritten -- Unclean shutdown of previous Apache run?
[Thu Jan 26 12:53:27.878721 2023] [ssl:warn] [pid 27404:tid 360] AH01909: www.example.com:443:0 server certificate does NOT include an ID which matches the server name
[Thu Jan 26 12:53:27.926766 2023] [mpm_winnt:notice] [pid 27404:tid 360] AH00455: Apache/2.4.54 (Win64) OpenSSL/1.1.1p PHP/8.2.0 configured -- resuming normal operations
[Thu Jan 26 12:53:27.926766 2023] [mpm_winnt:notice] [pid 27404:tid 360] AH00456: Apache Lounge VS16 Server built: Jun 22 2022 09:58:15
[Thu Jan 26 12:53:27.926766 2023] [core:notice] [pid 27404:tid 360] AH00094: Command line: 'c:\\xampp\\apache\\bin\\httpd.exe -d C:/xampp/apache'
[Thu Jan 26 12:53:27.929850 2023] [mpm_winnt:notice] [pid 27404:tid 360] AH00418: Parent: Created child process 26904
[Thu Jan 26 12:53:28.244832 2023] [ssl:warn] [pid 26904:tid 356] AH01909: www.example.com:443:0 server certificate does NOT include an ID which matches the server name
[Thu Jan 26 12:53:28.334594 2023] [ssl:warn] [pid 26904:tid 356] AH01909: www.example.com:443:0 server certificate does NOT include an ID which matches the server name
[Thu Jan 26 12:53:28.380131 2023] [mpm_winnt:notice] [pid 26904:tid 356] AH00354: Child: Starting 150 worker threads.
[Sun Jan 29 20:41:23.150496 2023] [ssl:warn] [pid 16796:tid 372] AH01909: www.example.com:443:0 server certificate does NOT include an ID which matches the server name
[Sun Jan 29 20:41:23.235396 2023] [core:warn] [pid 16796:tid 372] AH00098: pid file C:/xampp/apache/logs/httpd.pid overwritten -- Unclean shutdown of previous Apache run?
[Sun Jan 29 20:41:23.237395 2023] [ssl:warn] [pid 16796:tid 372] AH01909: www.example.com:443:0 server certificate does NOT include an ID which matches the server name
[Sun Jan 29 20:41:23.287187 2023] [mpm_winnt:notice] [pid 16796:tid 372] AH00455: Apache/2.4.54 (Win64) OpenSSL/1.1.1p PHP/8.2.0 configured -- resuming normal operations
[Sun Jan 29 20:41:23.287187 2023] [mpm_winnt:notice] [pid 16796:tid 372] AH00456: Apache Lounge VS16 Server built: Jun 22 2022 09:58:15
[Sun Jan 29 20:41:23.287187 2023] [core:notice] [pid 16796:tid 372] AH00094: Command line: 'c:\\xampp\\apache\\bin\\httpd.exe -d C:/xampp/apache'
[Sun Jan 29 20:41:23.290650 2023] [mpm_winnt:notice] [pid 16796:tid 372] AH00418: Parent: Created child process 35280
[Sun Jan 29 20:41:23.580103 2023] [ssl:warn] [pid 35280:tid 360] AH01909: www.example.com:443:0 server certificate does NOT include an ID which matches the server name
[Sun Jan 29 20:41:23.665278 2023] [ssl:warn] [pid 35280:tid 360] AH01909: www.example.com:443:0 server certificate does NOT include an ID which matches the server name
[Sun Jan 29 20:41:23.712261 2023] [mpm_winnt:notice] [pid 35280:tid 360] AH00354: Child: Starting 150 worker threads.
[Sun Jan 29 22:36:26.809390 2023] [ssl:warn] [pid 50036:tid 360] AH01909: www.example.com:443:0 server certificate does NOT include an ID which matches the server name
[Sun Jan 29 22:36:26.897620 2023] [core:warn] [pid 50036:tid 360] AH00098: pid file C:/xampp/apache/logs/httpd.pid overwritten -- Unclean shutdown of previous Apache run?
[Sun Jan 29 22:36:26.900615 2023] [ssl:warn] [pid 50036:tid 360] AH01909: www.example.com:443:0 server certificate does NOT include an ID which matches the server name
[Sun Jan 29 22:36:26.945276 2023] [mpm_winnt:notice] [pid 50036:tid 360] AH00455: Apache/2.4.54 (Win64) OpenSSL/1.1.1p PHP/8.2.0 configured -- resuming normal operations
[Sun Jan 29 22:36:26.945276 2023] [mpm_winnt:notice] [pid 50036:tid 360] AH00456: Apache Lounge VS16 Server built: Jun 22 2022 09:58:15
[Sun Jan 29 22:36:26.945276 2023] [core:notice] [pid 50036:tid 360] AH00094: Command line: 'c:\\xampp\\apache\\bin\\httpd.exe -d C:/xampp/apache'
[Sun Jan 29 22:36:26.948275 2023] [mpm_winnt:notice] [pid 50036:tid 360] AH00418: Parent: Created child process 45700
[Sun Jan 29 22:36:27.257672 2023] [ssl:warn] [pid 45700:tid 360] AH01909: www.example.com:443:0 server certificate does NOT include an ID which matches the server name
[Sun Jan 29 22:36:27.343520 2023] [ssl:warn] [pid 45700:tid 360] AH01909: www.example.com:443:0 server certificate does NOT include an ID which matches the server name
[Sun Jan 29 22:36:27.389158 2023] [mpm_winnt:notice] [pid 45700:tid 360] AH00354: Child: Starting 150 worker threads.
[Thu Feb 02 10:48:58.519235 2023] [ssl:warn] [pid 21188:tid 360] AH01909: www.example.com:443:0 server certificate does NOT include an ID which matches the server name
[Thu Feb 02 10:48:58.711572 2023] [core:warn] [pid 21188:tid 360] AH00098: pid file C:/xampp/apache/logs/httpd.pid overwritten -- Unclean shutdown of previous Apache run?
[Thu Feb 02 10:48:58.715679 2023] [ssl:warn] [pid 21188:tid 360] AH01909: www.example.com:443:0 server certificate does NOT include an ID which matches the server name
[Thu Feb 02 10:48:58.911588 2023] [mpm_winnt:notice] [pid 21188:tid 360] AH00455: Apache/2.4.54 (Win64) OpenSSL/1.1.1p PHP/8.2.0 configured -- resuming normal operations
[Thu Feb 02 10:48:58.911694 2023] [mpm_winnt:notice] [pid 21188:tid 360] AH00456: Apache Lounge VS16 Server built: Jun 22 2022 09:58:15
[Thu Feb 02 10:48:58.911694 2023] [core:notice] [pid 21188:tid 360] AH00094: Command line: 'c:\\xampp\\apache\\bin\\httpd.exe -d C:/xampp/apache'
[Thu Feb 02 10:48:58.915613 2023] [mpm_winnt:notice] [pid 21188:tid 360] AH00418: Parent: Created child process 13172
[Thu Feb 02 10:48:59.398220 2023] [ssl:warn] [pid 13172:tid 360] AH01909: www.example.com:443:0 server certificate does NOT include an ID which matches the server name
[Thu Feb 02 10:48:59.568854 2023] [ssl:warn] [pid 13172:tid 360] AH01909: www.example.com:443:0 server certificate does NOT include an ID which matches the server name
[Thu Feb 02 10:48:59.637870 2023] [mpm_winnt:notice] [pid 13172:tid 360] AH00354: Child: Starting 150 worker threads.
[Tue Aug 15 17:20:56.485433 2023] [ssl:warn] [pid 4700:tid 380] AH01909: www.example.com:443:0 server certificate does NOT include an ID which matches the server name
[Tue Aug 15 17:20:56.561046 2023] [core:warn] [pid 4700:tid 380] AH00098: pid file C:/xampp/apache/logs/httpd.pid overwritten -- Unclean shutdown of previous Apache run?
[Tue Aug 15 17:20:56.567409 2023] [ssl:warn] [pid 4700:tid 380] AH01909: www.example.com:443:0 server certificate does NOT include an ID which matches the server name
[Tue Aug 15 17:21:05.241196 2023] [mpm_winnt:notice] [pid 4700:tid 380] AH00455: Apache/2.4.54 (Win64) OpenSSL/1.1.1p PHP/8.2.0 configured -- resuming normal operations
[Tue Aug 15 17:21:05.241196 2023] [mpm_winnt:notice] [pid 4700:tid 380] AH00456: Apache Lounge VS16 Server built: Jun 22 2022 09:58:15
[Tue Aug 15 17:21:05.241196 2023] [core:notice] [pid 4700:tid 380] AH00094: Command line: 'c:\\xampp\\apache\\bin\\httpd.exe -d C:/xampp/apache'
[Tue Aug 15 17:21:05.257445 2023] [mpm_winnt:notice] [pid 4700:tid 380] AH00418: Parent: Created child process 3340
[Tue Aug 15 17:21:05.621287 2023] [ssl:warn] [pid 3340:tid 360] AH01909: www.example.com:443:0 server certificate does NOT include an ID which matches the server name
[Tue Aug 15 17:21:05.664718 2023] [ssl:warn] [pid 3340:tid 360] AH01909: www.example.com:443:0 server certificate does NOT include an ID which matches the server name
[Tue Aug 15 17:21:05.702745 2023] [mpm_winnt:notice] [pid 3340:tid 360] AH00354: Child: Starting 150 worker threads.
[Thu Aug 17 09:05:04.983080 2023] [ssl:warn] [pid 21076:tid 384] AH01909: www.example.com:443:0 server certificate does NOT include an ID which matches the server name
[Thu Aug 17 09:05:05.014602 2023] [core:warn] [pid 21076:tid 384] AH00098: pid file C:/xampp/apache/logs/httpd.pid overwritten -- Unclean shutdown of previous Apache run?
[Thu Aug 17 09:05:05.014602 2023] [ssl:warn] [pid 21076:tid 384] AH01909: www.example.com:443:0 server certificate does NOT include an ID which matches the server name
[Thu Aug 17 09:05:05.063198 2023] [mpm_winnt:notice] [pid 21076:tid 384] AH00455: Apache/2.4.54 (Win64) OpenSSL/1.1.1p PHP/8.2.0 configured -- resuming normal operations
[Thu Aug 17 09:05:05.063198 2023] [mpm_winnt:notice] [pid 21076:tid 384] AH00456: Apache Lounge VS16 Server built: Jun 22 2022 09:58:15
[Thu Aug 17 09:05:05.063198 2023] [core:notice] [pid 21076:tid 384] AH00094: Command line: 'c:\\xampp\\apache\\bin\\httpd.exe -d C:/xampp/apache'
[Thu Aug 17 09:05:05.071554 2023] [mpm_winnt:notice] [pid 21076:tid 384] AH00418: Parent: Created child process 1880
[Thu Aug 17 09:05:05.385681 2023] [ssl:warn] [pid 1880:tid 340] AH01909: www.example.com:443:0 server certificate does NOT include an ID which matches the server name
[Thu Aug 17 09:05:05.426255 2023] [ssl:warn] [pid 1880:tid 340] AH01909: www.example.com:443:0 server certificate does NOT include an ID which matches the server name
[Thu Aug 17 09:05:05.466257 2023] [mpm_winnt:notice] [pid 1880:tid 340] AH00354: Child: Starting 150 worker threads.
